<?xml version="1.0" encoding="UTF-8"?>
<testng-results ignored="0" total="2" passed="2" failed="0" skipped="0">
  <reporter-output>
  </reporter-output>
  <suite started-at="2024-05-10T07:36:20 IST" name="Default suite" finished-at="2024-05-10T07:38:09 IST" duration-ms="108689">
    <groups>
    </groups>
    <test started-at="2024-05-10T07:36:20 IST" name="Default test" finished-at="2024-05-10T07:38:09 IST" duration-ms="108689">
      <class name="com.UITesting.WebTester">
        <test-method is-config="true" signature="setUp()[pri:0, instance:com.UITesting.WebTester@279fedbd]" started-at="2024-05-10T07:36:20 IST" name="setUp" finished-at="2024-05-10T07:36:27 IST" duration-ms="6440" status="PASS">
          <reporter-output>
          </reporter-output>
        </test-method> <!-- setUp -->
        <test-method signature="testWebsite(java.lang.String,[Ljava.lang.String;)[pri:0, instance:com.UITesting.WebTester@279fedbd]" started-at="2024-05-10T07:36:27 IST" name="testWebsite" data-provider="resolutions" finished-at="2024-05-10T07:37:05 IST" duration-ms="38116" status="PASS">
          <params>
            <param index="0">
              <value>
                <![CDATA[Desktop]]>
              </value>
            </param>
            <param index="1">
              <value>
                <![CDATA[[Ljava.lang.String;@2121d1f9]]>
              </value>
            </param>
          </params>
          <reporter-output>
          </reporter-output>
        </test-method> <!-- testWebsite -->
        <test-method signature="testWebsite(java.lang.String,[Ljava.lang.String;)[pri:0, instance:com.UITesting.WebTester@279fedbd]" started-at="2024-05-10T07:37:05 IST" name="testWebsite" data-provider="resolutions" finished-at="2024-05-10T07:38:08 IST" duration-ms="63069" status="PASS">
          <params>
            <param index="0">
              <value>
                <![CDATA[Mobile]]>
              </value>
            </param>
            <param index="1">
              <value>
                <![CDATA[[Ljava.lang.String;@17092fff]]>
              </value>
            </param>
          </params>
          <reporter-output>
          </reporter-output>
        </test-method> <!-- testWebsite -->
        <test-method is-config="true" signature="tearDown()[pri:0, instance:com.UITesting.WebTester@279fedbd]" started-at="2024-05-10T07:38:08 IST" name="tearDown" finished-at="2024-05-10T07:38:09 IST" duration-ms="1002" status="PASS">
          <reporter-output>
          </reporter-output>
        </test-method> <!-- tearDown -->
      </class> <!-- com.UITesting.WebTester -->
    </test> <!-- Default test -->
  </suite> <!-- Default suite -->
</testng-results>
